<?xml version="1.0" encoding="UTF-8"?>
<!-- Generated by org.testng.reporters.JUnitReportReporter -->
<testsuite skipped="0" hostname="DESKTOP-H3T3K9E" name="AMS12.ReturnProduct" tests="1" failures="0" timestamp="2021-06-21T15:55:42 IST" time="9.890" errors="0">
  <testcase name="Login" time="9.890" classname="AMS12.ReturnProduct"/>
  <system-out/>
</testsuite> <!-- AMS12.ReturnProduct -->
